<?xml version="1.0" encoding="UTF-8"?>
<!-- Generated by org.testng.reporters.JUnitXMLReporter -->
<testsuite ignored="0" hostname="GT0301" failures="1" tests="3" name="test1" time="74.064" errors="0" timestamp="2024-09-24T19:56:24 IST">
  <testcase classname="practoapp.Practo" name="validatingSpeciality" time="26.961"/>
  <testcase classname="practoapp.Practo" name="validateNameDateTime" time="16.389">
    <failure type="java.lang.NullPointerException" message="Cannot invoke &amp;quot;String.equals(Object)&amp;quot; because &amp;quot;convertedTime&amp;quot; is null">
      <![CDATA[java.lang.NullPointerException: Cannot invoke "String.equals(Object)" because "convertedTime" is null
at Pages.BookingDetails.validateDetails(BookingDetails.java:52)
at practoapp.Practo.validateNameDateTime(Practo.java:40)
at java.base/java.util.ArrayList.forEach(ArrayList.java:1596)
... Removed 25 stack frames]]>
    </failure>
  </testcase> <!-- validateNameDateTime -->
  <testcase classname="practoapp.Practo" name="validateFilters" time="30.498"/>
</testsuite> <!-- test1 -->
