<?xml version="1.0" encoding="UTF-8"?>
<testng-results ignored="0" total="3" passed="2" failed="1" skipped="0">
  <reporter-output>
  </reporter-output>
  <suite started-at="2024-09-24T19:55:10 IST" name="practo" finished-at="2024-09-24T19:56:24 IST" duration-ms="74064">
    <groups>
    </groups>
    <test started-at="2024-09-24T19:55:10 IST" name="test1" finished-at="2024-09-24T19:56:24 IST" duration-ms="74064">
      <class name="practoapp.Practo">
        <test-method signature="validatingSpeciality()[pri:1, instance:practoapp.Practo@554e218]" started-at="2024-09-24T19:55:10 IST" name="validatingSpeciality" finished-at="2024-09-24T19:55:37 IST" duration-ms="26961" status="PASS">
          <reporter-output>
          </reporter-output>
        </test-method> <!-- validatingSpeciality -->
        <test-method signature="validateNameDateTime()[pri:2, instance:practoapp.Practo@554e218]" started-at="2024-09-24T19:55:37 IST" name="validateNameDateTime" finished-at="2024-09-24T19:55:53 IST" duration-ms="16389" status="FAIL">
          <exception class="java.lang.NullPointerException">
            <message>
              <![CDATA[Cannot invoke "String.equals(Object)" because "convertedTime" is null]]>
            </message>
            <full-stacktrace>
              <![CDATA[java.lang.NullPointerException: Cannot invoke "String.equals(Object)" because "convertedTime" is null
at Pages.BookingDetails.validateDetails(BookingDetails.java:52)
at practoapp.Practo.validateNameDateTime(Practo.java:40)
at java.base/jdk.internal.reflect.DirectMethodHandleAccessor.invoke(DirectMethodHandleAccessor.java:103)
at java.base/java.lang.reflect.Method.invoke(Method.java:580)
at org.testng.internal.invokers.MethodInvocationHelper.invokeMethod(MethodInvocationHelper.java:136)
at org.testng.internal.invokers.TestInvoker.invokeMethod(TestInvoker.java:658)
at org.testng.internal.invokers.TestInvoker.invokeTestMethod(TestInvoker.java:219)
at org.testng.internal.invokers.MethodRunner.runInSequence(MethodRunner.java:50)
at org.testng.internal.invokers.TestInvoker$MethodInvocationAgent.invoke(TestInvoker.java:923)
at org.testng.internal.invokers.TestInvoker.invokeTestMethods(TestInvoker.java:192)
at org.testng.internal.invokers.TestMethodWorker.invokeTestMethods(TestMethodWorker.java:146)
at org.testng.internal.invokers.TestMethodWorker.run(TestMethodWorker.java:128)
at java.base/java.util.ArrayList.forEach(ArrayList.java:1596)
at org.testng.TestRunner.privateRun(TestRunner.java:808)
at org.testng.TestRunner.run(TestRunner.java:603)
at org.testng.SuiteRunner.runTest(SuiteRunner.java:429)
at org.testng.SuiteRunner.runSequentially(SuiteRunner.java:423)
at org.testng.SuiteRunner.privateRun(SuiteRunner.java:383)
at org.testng.SuiteRunner.run(SuiteRunner.java:326)
at org.testng.SuiteRunnerWorker.runSuite(SuiteRunnerWorker.java:52)
at org.testng.SuiteRunnerWorker.run(SuiteRunnerWorker.java:95)
at org.testng.TestNG.runSuitesSequentially(TestNG.java:1249)
at org.testng.TestNG.runSuitesLocally(TestNG.java:1169)
at org.testng.TestNG.runSuites(TestNG.java:1092)
at org.testng.TestNG.run(TestNG.java:1060)
at org.testng.remote.AbstractRemoteTestNG.run(AbstractRemoteTestNG.java:115)
at org.testng.remote.RemoteTestNG.initAndRun(RemoteTestNG.java:293)
at org.testng.remote.RemoteTestNG.main(RemoteTestNG.java:91)
]]>
            </full-stacktrace>
          </exception> <!-- java.lang.NullPointerException -->
          <reporter-output>
          </reporter-output>
        </test-method> <!-- validateNameDateTime -->
        <test-method signature="validateFilters()[pri:3, instance:practoapp.Practo@554e218]" started-at="2024-09-24T19:55:53 IST" name="validateFilters" finished-at="2024-09-24T19:56:24 IST" duration-ms="30498" status="PASS">
          <reporter-output>
          </reporter-output>
        </test-method> <!-- validateFilters -->
      </class> <!-- practoapp.Practo -->
      <class name="base.base">
        <test-method is-config="true" signature="setup()[pri:0, instance:base.base@1e097d59]" started-at="2024-09-24T19:55:05 IST" name="setup" finished-at="2024-09-24T19:55:10 IST" duration-ms="5138" status="PASS">
          <reporter-output>
          </reporter-output>
        </test-method> <!-- setup -->
        <test-method is-config="true" signature="closeBrowser()[pri:0, instance:base.base@1e097d59]" started-at="2024-09-24T19:56:24 IST" name="closeBrowser" finished-at="2024-09-24T19:56:24 IST" duration-ms="282" status="PASS">
          <reporter-output>
          </reporter-output>
        </test-method> <!-- closeBrowser -->
      </class> <!-- base.base -->
    </test> <!-- test1 -->
  </suite> <!-- practo -->
</testng-results>
